[2022-07-01T18:43:38.274] [DEBUG] cheese - login => username:123123,password:123123
[2022-07-01T18:43:38.288] [DEBUG] cheese - 123123
[2022-07-01T18:43:38.352] [DEBUG] cheese - null
[2022-07-01T18:43:38.354] [DEBUG] cheese - null
[2022-07-01T18:45:45.351] [DEBUG] cheese - login => username:123123,password:123123
[2022-07-01T18:45:45.351] [DEBUG] cheese - 123123
[2022-07-01T18:45:45.354] [DEBUG] cheese - null
[2022-07-01T18:45:45.354] [DEBUG] cheese - null
[2022-07-01T18:46:09.185] [DEBUG] cheese - login => username:123123,password:123123
[2022-07-01T18:46:09.185] [DEBUG] cheese - 123123
[2022-07-01T18:46:09.188] [DEBUG] cheese - null
[2022-07-01T18:46:09.188] [DEBUG] cheese - null
[2022-07-01T18:47:22.819] [DEBUG] cheese - login => username:123123,password:123123
[2022-07-01T18:47:22.819] [DEBUG] cheese - 123123
[2022-07-01T18:47:22.822] [DEBUG] cheese - null
[2022-07-01T18:47:22.822] [DEBUG] cheese - null
[2022-07-01T18:54:33.646] [DEBUG] cheese - login => username:123123,password:123123
[2022-07-01T18:54:33.646] [DEBUG] cheese - 123123
[2022-07-01T18:54:33.648] [DEBUG] cheese - null
[2022-07-01T18:54:33.648] [DEBUG] cheese - null
[2022-07-01T18:54:38.123] [DEBUG] cheese - login => username:123123,password:123123
[2022-07-01T18:54:38.123] [DEBUG] cheese - 123123
[2022-07-01T18:54:38.125] [DEBUG] cheese - null
[2022-07-01T18:54:38.125] [DEBUG] cheese - null
[2022-07-01T18:55:43.867] [DEBUG] cheese - login => username:123123,password:123123
[2022-07-01T18:55:43.867] [DEBUG] cheese - 123123
[2022-07-01T18:55:43.869] [DEBUG] cheese - null
[2022-07-01T18:55:43.869] [DEBUG] cheese - null
[2022-07-01T18:58:23.601] [DEBUG] cheese - login => username:admin,password:123123
[2022-07-01T18:58:23.601] [DEBUG] cheese - admin
[2022-07-01T18:58:23.607] [DEBUG] cheese - null
[2022-07-01T18:58:23.607] [DEBUG] cheese - null
[2022-07-01T18:58:35.592] [DEBUG] cheese - login => username:admin,password:123456
[2022-07-01T18:58:35.592] [DEBUG] cheese - admin
[2022-07-01T18:58:35.596] [DEBUG] cheese - null
[2022-07-01T18:58:35.596] [DEBUG] cheese - null
[2022-07-01T18:58:57.134] [DEBUG] cheese - login => username:admin,password:123456
[2022-07-01T18:58:57.134] [DEBUG] cheese - admin
[2022-07-01T18:58:57.137] [DEBUG] cheese - null
[2022-07-01T18:58:57.137] [DEBUG] cheese - null
[2022-07-01T18:59:30.033] [DEBUG] cheese - login => username:admin,password:123456
[2022-07-01T18:59:30.033] [DEBUG] cheese - admin
[2022-07-01T18:59:30.036] [DEBUG] cheese - null
[2022-07-01T18:59:30.036] [DEBUG] cheese - null
[2022-07-01T19:01:15.592] [DEBUG] cheese - login => username:admin,password:123456
[2022-07-01T19:01:15.593] [DEBUG] cheese - admin
[2022-07-01T19:01:15.595] [DEBUG] cheese - null
[2022-07-01T19:01:15.595] [DEBUG] cheese - null
[2022-07-01T19:03:43.412] [DEBUG] cheese - login => username:admin,password:123456
[2022-07-01T19:03:43.412] [DEBUG] cheese - admin
[2022-07-01T19:03:43.414] [DEBUG] cheese - null
[2022-07-01T19:03:43.414] [DEBUG] cheese - null
[2022-07-01T19:44:23.463] [DEBUG] cheese - login => username:admin,password:123456
[2022-07-01T19:44:23.463] [DEBUG] cheese - admin
[2022-07-01T19:44:23.466] [DEBUG] cheese - null
[2022-07-01T19:44:23.467] [DEBUG] cheese - null
[2022-07-01T19:45:02.120] [DEBUG] cheese - login => username:admin,password:123456
[2022-07-01T19:45:02.120] [DEBUG] cheese - admin
[2022-07-01T19:45:02.123] [DEBUG] cheese - null
[2022-07-01T19:45:02.123] [DEBUG] cheese - null
[2022-07-01T19:48:38.068] [DEBUG] cheese - login => username:admin,password:123456
[2022-07-01T19:48:38.069] [DEBUG] cheese - admin
[2022-07-01T19:48:38.072] [DEBUG] cheese - null
[2022-07-01T19:48:38.072] [DEBUG] cheese - null
[2022-07-01T19:49:03.972] [DEBUG] cheese - login => username:admin,password:123456
[2022-07-01T19:49:03.972] [DEBUG] cheese - admin
[2022-07-01T19:49:03.975] [DEBUG] cheese - null
[2022-07-01T19:49:03.975] [DEBUG] cheese - null
[2022-07-01T19:54:53.197] [DEBUG] cheese - login => username:admin,password:123456
[2022-07-01T19:54:53.197] [DEBUG] cheese - admin
[2022-07-01T19:54:53.200] [DEBUG] cheese - null
[2022-07-01T19:54:53.200] [DEBUG] cheese - null
[2022-07-01T19:59:06.580] [DEBUG] cheese - login => username:admin,password:123456
[2022-07-01T19:59:06.581] [DEBUG] cheese - admin
[2022-07-01T19:59:06.583] [DEBUG] cheese - null
[2022-07-01T19:59:06.583] [DEBUG] cheese - null
[2022-07-01T19:59:41.988] [DEBUG] cheese - login => username:admin,password:123456
[2022-07-01T19:59:41.988] [DEBUG] cheese - admin
[2022-07-01T19:59:41.991] [DEBUG] cheese - null
[2022-07-01T19:59:41.991] [DEBUG] cheese - null
